<?xml version="1.0" encoding="UTF-8"?>
<!-- Generated by org.testng.reporters.JUnitReportReporter -->
<testsuite hostname="DESKTOP-C2GS8GR" name="testcase.Scenarios" tests="2" failures="0" timestamp="6 Oct 2022 09:50:19 GMT" time="8.473" errors="2">
  <testcase name="ssl" time="1.839" classname="testcase.Scenarios">
    <error type="org.openqa.selenium.SessionNotCreatedException" message="session not created: This version of ChromeDriver only supports Chrome version 104
Current browser version is 106.0.5249.103 with binary path C:\Users\Admin\AppData\Local\Google\Chrome\Application\chrome.exe
Build info: version: &#039;3.141.59&#039;, revision: &#039;e82be7d358&#039;, time: &#039;2018-11-14T08:17:03&#039;
System info: host: &#039;DESKTOP-C2GS8GR&#039;, ip: &#039;192.168.1.13&#039;, os.name: &#039;Windows 10&#039;, os.arch: &#039;amd64&#039;, os.version: &#039;10.0&#039;, java.version: &#039;1.8.0_341&#039;
Driver info: driver.version: ChromeDriver
remote stacktrace: Backtrace:
	Ordinal0 [0x00A078B3+2193587]
	Ordinal0 [0x009A0681+1771137]
	Ordinal0 [0x008B41A8+803240]
	Ordinal0 [0x008D5CC3+941251]
	Ordinal0 [0x008D13EF+922607]
	Ordinal0 [0x008CEBC1+912321]
	Ordinal0 [0x009023B0+1123248]
	Ordinal0 [0x0090200A+1122314]
	Ordinal0 [0x008FD5C6+1103302]
	Ordinal0 [0x008D77E0+948192]
	Ordinal0 [0x008D86E6+952038]
	GetHandleVerifier [0x00CB0CB2+2738370]
	GetHandleVerifier [0x00CA21B8+2678216]
	GetHandleVerifier [0x00A917AA+512954]
	GetHandleVerifier [0x00A90856+509030]
	Ordinal0 [0x009A743B+1799227]
	Ordinal0 [0x009ABB68+1817448]
	Ordinal0 [0x009ABC55+1817685]
	Ordinal0 [0x009B5230+1856048]
	BaseThreadInitThunk [0x7647FA29+25]
	RtlGetAppContainerNamedObjectPath [0x77767B5E+286]
	RtlGetAppContainerNamedObjectPath [0x77767B2E+238]
">
      <![CDATA[org.openqa.selenium.SessionNotCreatedException: session not created: This version of ChromeDriver only supports Chrome version 104
Current browser version is 106.0.5249.103 with binary path C:\Users\Admin\AppData\Local\Google\Chrome\Application\chrome.exe
Build info: version: '3.141.59', revision: 'e82be7d358', time: '2018-11-14T08:17:03'
System info: host: 'DESKTOP-C2GS8GR', ip: '192.168.1.13', os.name: 'Windows 10', os.arch: 'amd64', os.version: '10.0', java.version: '1.8.0_341'
Driver info: driver.version: ChromeDriver
remote stacktrace: Backtrace:
	Ordinal0 [0x00A078B3+2193587]
	Ordinal0 [0x009A0681+1771137]
	Ordinal0 [0x008B41A8+803240]
	Ordinal0 [0x008D5CC3+941251]
	Ordinal0 [0x008D13EF+922607]
	Ordinal0 [0x008CEBC1+912321]
	Ordinal0 [0x009023B0+1123248]
	Ordinal0 [0x0090200A+1122314]
	Ordinal0 [0x008FD5C6+1103302]
	Ordinal0 [0x008D77E0+948192]
	Ordinal0 [0x008D86E6+952038]
	GetHandleVerifier [0x00CB0CB2+2738370]
	GetHandleVerifier [0x00CA21B8+2678216]
	GetHandleVerifier [0x00A917AA+512954]
	GetHandleVerifier [0x00A90856+509030]
	Ordinal0 [0x009A743B+1799227]
	Ordinal0 [0x009ABB68+1817448]
	Ordinal0 [0x009ABC55+1817685]
	Ordinal0 [0x009B5230+1856048]
	BaseThreadInitThunk [0x7647FA29+25]
	RtlGetAppContainerNamedObjectPath [0x77767B5E+286]
	RtlGetAppContainerNamedObjectPath [0x77767B2E+238]

	at sun.reflect.NativeConstructorAccessorImpl.newInstance0(Native Method)
	at sun.reflect.NativeConstructorAccessorImpl.newInstance(Unknown Source)
	at sun.reflect.DelegatingConstructorAccessorImpl.newInstance(Unknown Source)
	at java.lang.reflect.Constructor.newInstance(Unknown Source)
	at org.openqa.selenium.remote.W3CHandshakeResponse.lambda$errorHandler$0(W3CHandshakeResponse.java:62)
	at org.openqa.selenium.remote.HandshakeResponse.lambda$getResponseFunction$0(HandshakeResponse.java:30)
	at org.openqa.selenium.remote.ProtocolHandshake.lambda$createSession$0(ProtocolHandshake.java:126)
	at java.util.stream.ReferencePipeline$3$1.accept(Unknown Source)
	at java.util.Spliterators$ArraySpliterator.tryAdvance(Unknown Source)
	at java.util.stream.ReferencePipeline.forEachWithCancel(Unknown Source)
	at java.util.stream.AbstractPipeline.copyIntoWithCancel(Unknown Source)
	at java.util.stream.AbstractPipeline.copyInto(Unknown Source)
	at java.util.stream.AbstractPipeline.wrapAndCopyInto(Unknown Source)
	at java.util.stream.FindOps$FindOp.evaluateSequential(Unknown Source)
	at java.util.stream.AbstractPipeline.evaluate(Unknown Source)
	at java.util.stream.ReferencePipeline.findFirst(Unknown Source)
	at org.openqa.selenium.remote.ProtocolHandshake.createSession(ProtocolHandshake.java:128)
	at org.openqa.selenium.remote.ProtocolHandshake.createSession(ProtocolHandshake.java:74)
	at org.openqa.selenium.remote.HttpCommandExecutor.execute(HttpCommandExecutor.java:136)
	at org.openqa.selenium.remote.service.DriverCommandExecutor.execute(DriverCommandExecutor.java:83)
	at org.openqa.selenium.remote.RemoteWebDriver.execute(RemoteWebDriver.java:552)
	at org.openqa.selenium.remote.RemoteWebDriver.startSession(RemoteWebDriver.java:213)
	at org.openqa.selenium.remote.RemoteWebDriver.<init>(RemoteWebDriver.java:131)
	at org.openqa.selenium.chrome.ChromeDriver.<init>(ChromeDriver.java:181)
	at org.openqa.selenium.chrome.ChromeDriver.<init>(ChromeDriver.java:168)
	at org.openqa.selenium.chrome.ChromeDriver.<init>(ChromeDriver.java:157)
	at testcase.Scenarios.ssl(Scenarios.java:35)
	at sun.reflect.NativeMethodAccessorImpl.invoke0(Native Method)
	at sun.reflect.NativeMethodAccessorImpl.invoke(Unknown Source)
	at sun.reflect.DelegatingMethodAccessorImpl.invoke(Unknown Source)
	at java.lang.reflect.Method.invoke(Unknown Source)
	at org.testng.internal.MethodInvocationHelper.invokeMethod(MethodInvocationHelper.java:85)
	at org.testng.internal.Invoker.invokeMethod(Invoker.java:639)
	at org.testng.internal.Invoker.invokeTestMethod(Invoker.java:816)
	at org.testng.internal.Invoker.invokeTestMethods(Invoker.java:1124)
	at org.testng.internal.TestMethodWorker.invokeTestMethods(TestMethodWorker.java:125)
	at org.testng.internal.TestMethodWorker.run(TestMethodWorker.java:108)
	at java.util.concurrent.ThreadPoolExecutor.runWorker(Unknown Source)
	at java.util.concurrent.ThreadPoolExecutor$Worker.run(Unknown Source)
	at java.lang.Thread.run(Unknown Source)
]]>
    </error>
  </testcase> <!-- ssl -->
  <testcase name="launchbrowser" time="6.634" classname="testcase.Scenarios">
    <error type="org.openqa.selenium.SessionNotCreatedException" message="session not created: This version of ChromeDriver only supports Chrome version 104
Current browser version is 106.0.5249.103 with binary path C:\Users\Admin\AppData\Local\Google\Chrome\Application\chrome.exe
Build info: version: &#039;3.141.59&#039;, revision: &#039;e82be7d358&#039;, time: &#039;2018-11-14T08:17:03&#039;
System info: host: &#039;DESKTOP-C2GS8GR&#039;, ip: &#039;192.168.1.13&#039;, os.name: &#039;Windows 10&#039;, os.arch: &#039;amd64&#039;, os.version: &#039;10.0&#039;, java.version: &#039;1.8.0_341&#039;
Driver info: driver.version: ChromeDriver
remote stacktrace: Backtrace:
	Ordinal0 [0x00A078B3+2193587]
	Ordinal0 [0x009A0681+1771137]
	Ordinal0 [0x008B41A8+803240]
	Ordinal0 [0x008D5CC3+941251]
	Ordinal0 [0x008D13EF+922607]
	Ordinal0 [0x008CEBC1+912321]
	Ordinal0 [0x009023B0+1123248]
	Ordinal0 [0x0090200A+1122314]
	Ordinal0 [0x008FD5C6+1103302]
	Ordinal0 [0x008D77E0+948192]
	Ordinal0 [0x008D86E6+952038]
	GetHandleVerifier [0x00CB0CB2+2738370]
	GetHandleVerifier [0x00CA21B8+2678216]
	GetHandleVerifier [0x00A917AA+512954]
	GetHandleVerifier [0x00A90856+509030]
	Ordinal0 [0x009A743B+1799227]
	Ordinal0 [0x009ABB68+1817448]
	Ordinal0 [0x009ABC55+1817685]
	Ordinal0 [0x009B5230+1856048]
	BaseThreadInitThunk [0x7647FA29+25]
	RtlGetAppContainerNamedObjectPath [0x77767B5E+286]
	RtlGetAppContainerNamedObjectPath [0x77767B2E+238]
">
      <![CDATA[org.openqa.selenium.SessionNotCreatedException: session not created: This version of ChromeDriver only supports Chrome version 104
Current browser version is 106.0.5249.103 with binary path C:\Users\Admin\AppData\Local\Google\Chrome\Application\chrome.exe
Build info: version: '3.141.59', revision: 'e82be7d358', time: '2018-11-14T08:17:03'
System info: host: 'DESKTOP-C2GS8GR', ip: '192.168.1.13', os.name: 'Windows 10', os.arch: 'amd64', os.version: '10.0', java.version: '1.8.0_341'
Driver info: driver.version: ChromeDriver
remote stacktrace: Backtrace:
	Ordinal0 [0x00A078B3+2193587]
	Ordinal0 [0x009A0681+1771137]
	Ordinal0 [0x008B41A8+803240]
	Ordinal0 [0x008D5CC3+941251]
	Ordinal0 [0x008D13EF+922607]
	Ordinal0 [0x008CEBC1+912321]
	Ordinal0 [0x009023B0+1123248]
	Ordinal0 [0x0090200A+1122314]
	Ordinal0 [0x008FD5C6+1103302]
	Ordinal0 [0x008D77E0+948192]
	Ordinal0 [0x008D86E6+952038]
	GetHandleVerifier [0x00CB0CB2+2738370]
	GetHandleVerifier [0x00CA21B8+2678216]
	GetHandleVerifier [0x00A917AA+512954]
	GetHandleVerifier [0x00A90856+509030]
	Ordinal0 [0x009A743B+1799227]
	Ordinal0 [0x009ABB68+1817448]
	Ordinal0 [0x009ABC55+1817685]
	Ordinal0 [0x009B5230+1856048]
	BaseThreadInitThunk [0x7647FA29+25]
	RtlGetAppContainerNamedObjectPath [0x77767B5E+286]
	RtlGetAppContainerNamedObjectPath [0x77767B2E+238]

	at sun.reflect.NativeConstructorAccessorImpl.newInstance0(Native Method)
	at sun.reflect.NativeConstructorAccessorImpl.newInstance(Unknown Source)
	at sun.reflect.DelegatingConstructorAccessorImpl.newInstance(Unknown Source)
	at java.lang.reflect.Constructor.newInstance(Unknown Source)
	at org.openqa.selenium.remote.W3CHandshakeResponse.lambda$errorHandler$0(W3CHandshakeResponse.java:62)
	at org.openqa.selenium.remote.HandshakeResponse.lambda$getResponseFunction$0(HandshakeResponse.java:30)
	at org.openqa.selenium.remote.ProtocolHandshake.lambda$createSession$0(ProtocolHandshake.java:126)
	at java.util.stream.ReferencePipeline$3$1.accept(Unknown Source)
	at java.util.Spliterators$ArraySpliterator.tryAdvance(Unknown Source)
	at java.util.stream.ReferencePipeline.forEachWithCancel(Unknown Source)
	at java.util.stream.AbstractPipeline.copyIntoWithCancel(Unknown Source)
	at java.util.stream.AbstractPipeline.copyInto(Unknown Source)
	at java.util.stream.AbstractPipeline.wrapAndCopyInto(Unknown Source)
	at java.util.stream.FindOps$FindOp.evaluateSequential(Unknown Source)
	at java.util.stream.AbstractPipeline.evaluate(Unknown Source)
	at java.util.stream.ReferencePipeline.findFirst(Unknown Source)
	at org.openqa.selenium.remote.ProtocolHandshake.createSession(ProtocolHandshake.java:128)
	at org.openqa.selenium.remote.ProtocolHandshake.createSession(ProtocolHandshake.java:74)
	at org.openqa.selenium.remote.HttpCommandExecutor.execute(HttpCommandExecutor.java:136)
	at org.openqa.selenium.remote.service.DriverCommandExecutor.execute(DriverCommandExecutor.java:83)
	at org.openqa.selenium.remote.RemoteWebDriver.execute(RemoteWebDriver.java:552)
	at org.openqa.selenium.remote.RemoteWebDriver.startSession(RemoteWebDriver.java:213)
	at org.openqa.selenium.remote.RemoteWebDriver.<init>(RemoteWebDriver.java:131)
	at org.openqa.selenium.chrome.ChromeDriver.<init>(ChromeDriver.java:181)
	at org.openqa.selenium.chrome.ChromeDriver.<init>(ChromeDriver.java:168)
	at org.openqa.selenium.chrome.ChromeDriver.<init>(ChromeDriver.java:123)
	at testcase.Scenarios.launchbrowser(Scenarios.java:19)
	at sun.reflect.NativeMethodAccessorImpl.invoke0(Native Method)
	at sun.reflect.NativeMethodAccessorImpl.invoke(Unknown Source)
	at sun.reflect.DelegatingMethodAccessorImpl.invoke(Unknown Source)
	at java.lang.reflect.Method.invoke(Unknown Source)
	at org.testng.internal.MethodInvocationHelper.invokeMethod(MethodInvocationHelper.java:85)
	at org.testng.internal.Invoker.invokeMethod(Invoker.java:639)
	at org.testng.internal.Invoker.invokeTestMethod(Invoker.java:816)
	at org.testng.internal.Invoker.invokeTestMethods(Invoker.java:1124)
	at org.testng.internal.TestMethodWorker.invokeTestMethods(TestMethodWorker.java:125)
	at org.testng.internal.TestMethodWorker.run(TestMethodWorker.java:108)
	at java.util.concurrent.ThreadPoolExecutor.runWorker(Unknown Source)
	at java.util.concurrent.ThreadPoolExecutor$Worker.run(Unknown Source)
	at java.lang.Thread.run(Unknown Source)
]]>
    </error>
  </testcase> <!-- launchbrowser -->
</testsuite> <!-- testcase.Scenarios -->
